Performing C SOURCE FILE Test CMAKE_HAVE_LIBC_PTHREAD failed with the following output:
Change Dir: C:/Users/danie/Computer_Graphics/yocto-gl/out/build/Visual Studio/CMakeFiles/CMakeScratch/TryCompile-errjim

Run Build Command(s):C:/Program Files/Microsoft Visual Studio/2022/Community/MSBuild/Current/Bin/amd64/MSBuild.exe cmTC_5ce1b.vcxproj /p:Configuration=Debug /p:Platform=x64 /p:VisualStudioVersion=17.0 /v:m && MSBuild version 17.4.1+9a89d02ff for .NET Framework
  Microsoft (R) C/C++ Optimizing Compiler versione 19.34.31937 per x64
  Copyright (C) Microsoft Corporation. Tutti i diritti  sono riservati.
  src.c
  cl /c /Zi /W1 /WX- /diagnostics:column /Od /Ob0 /D _MBCS /D WIN32 /D _WINDOWS /D CMAKE_HAVE_LIBC_PTHREAD /D "CMAKE_INTDIR=\"Debug\"" /Gm- /RTC1 /MDd /GS /fp:precise /Zc:wchar_t /Zc:forScope /Zc:inline /Fo"cmTC_5ce1b.dir\Debug\\" /Fd"cmTC_5ce1b.dir\Debug\vc143.pdb" /external:W1 /Gd /TC /errorReport:queue "C:\Users\danie\Computer_Graphics\yocto-gl\out\build\Visual Studio\CMakeFiles\CMakeScratch\TryCompile-errjim\src.c"
C:\Users\danie\Computer_Graphics\yocto-gl\out\build\Visual Studio\CMakeFiles\CMakeScratch\TryCompile-errjim\src.c(1,10): fatal  error C1083: Non è possibile aprire il file inclusione: 'pthread.h': No such file or directory [C:\Users\danie\Computer_Graphics\yocto-gl\out\build\Visual Studio\CMakeFiles\CMakeScratch\TryCompile-errjim\cmTC_5ce1b.vcxproj]


Source file was:
#include <pthread.h>

static void* test_func(void* data)
{
  return data;
}

int main(void)
{
  pthread_t thread;
  pthread_create(&thread, NULL, test_func, NULL);
  pthread_detach(thread);
  pthread_cancel(thread);
  pthread_join(thread, NULL);
  pthread_atfork(NULL, NULL, NULL);
  pthread_exit(NULL);

  return 0;
}


Determining if the function pthread_create exists in the pthreads failed with the following output:
Change Dir: C:/Users/danie/Computer_Graphics/yocto-gl/out/build/Visual Studio/CMakeFiles/CMakeScratch/TryCompile-byogha

Run Build Command(s):C:/Program Files/Microsoft Visual Studio/2022/Community/MSBuild/Current/Bin/amd64/MSBuild.exe cmTC_341b9.vcxproj /p:Configuration=Debug /p:Platform=x64 /p:VisualStudioVersion=17.0 /v:m && MSBuild version 17.4.1+9a89d02ff for .NET Framework
  Microsoft (R) C/C++ Optimizing Compiler versione 19.34.31937 per x64
  Copyright (C) Microsoft Corporation. Tutti i diritti  sono riservati.
  CheckFunctionExists.c
  cl /c /Zi /W1 /WX- /diagnostics:column /Od /Ob0 /D _MBCS /D WIN32 /D _WINDOWS /D CHECK_FUNCTION_EXISTS=pthread_create /D "CMAKE_INTDIR=\"Debug\"" /Gm- /RTC1 /MDd /GS /fp:precise /Zc:wchar_t /Zc:forScope /Zc:inline /Fo"cmTC_341b9.dir\Debug\\" /Fd"cmTC_341b9.dir\Debug\vc143.pdb" /external:W1 /Gd /TC /errorReport:queue "C:\Users\danie\Computer_Graphics\yocto-gl\out\build\Visual Studio\CMakeFiles\CMakeScratch\TryCompile-byogha\CheckFunctionExists.c"
LINK : fatal error LNK1104: impossibile aprire il file 'pthreads.lib' [C:\Users\danie\Computer_Graphics\yocto-gl\out\build\Visual Studio\CMakeFiles\CMakeScratch\TryCompile-byogha\cmTC_341b9.vcxproj]



Determining if the function pthread_create exists in the pthread failed with the following output:
Change Dir: C:/Users/danie/Computer_Graphics/yocto-gl/out/build/Visual Studio/CMakeFiles/CMakeScratch/TryCompile-75gnvi

Run Build Command(s):C:/Program Files/Microsoft Visual Studio/2022/Community/MSBuild/Current/Bin/amd64/MSBuild.exe cmTC_40962.vcxproj /p:Configuration=Debug /p:Platform=x64 /p:VisualStudioVersion=17.0 /v:m && MSBuild version 17.4.1+9a89d02ff for .NET Framework
  Microsoft (R) C/C++ Optimizing Compiler versione 19.34.31937 per x64
  Copyright (C) Microsoft Corporation. Tutti i diritti  sono riservati.
  CheckFunctionExists.c
  cl /c /Zi /W1 /WX- /diagnostics:column /Od /Ob0 /D _MBCS /D WIN32 /D _WINDOWS /D CHECK_FUNCTION_EXISTS=pthread_create /D "CMAKE_INTDIR=\"Debug\"" /Gm- /RTC1 /MDd /GS /fp:precise /Zc:wchar_t /Zc:forScope /Zc:inline /Fo"cmTC_40962.dir\Debug\\" /Fd"cmTC_40962.dir\Debug\vc143.pdb" /external:W1 /Gd /TC /errorReport:queue "C:\Users\danie\Computer_Graphics\yocto-gl\out\build\Visual Studio\CMakeFiles\CMakeScratch\TryCompile-75gnvi\CheckFunctionExists.c"
LINK : fatal error LNK1104: impossibile aprire il file 'pthread.lib' [C:\Users\danie\Computer_Graphics\yocto-gl\out\build\Visual Studio\CMakeFiles\CMakeScratch\TryCompile-75gnvi\cmTC_40962.vcxproj]



